2012-11-20 10:24:30 Error: [MissingViewException] View file "/Applications/MAMP/htdocs/test/cakephpmultilingual/app/View/Pages/switch_lang/en.ctp" is missing.
#0 /Applications/MAMP/htdocs/test/cakephpmultilingual/lib/Cake/View/View.php(473): View->_getViewFileName('switch_lang/en')
#1 /Applications/MAMP/htdocs/test/cakephpmultilingual/lib/Cake/Controller/Controller.php(956): View->render('switch_lang/en', NULL)
#2 /Applications/MAMP/htdocs/test/cakephpmultilingual/app/Controller/PagesController.php(73): Controller->render('switch_lang/en')
#3 [internal function]: PagesController->display('switch_lang', 'en')
#4 /Applications/MAMP/htdocs/test/cakephpmultilingual/lib/Cake/Controller/Controller.php(485): ReflectionMethod->invokeArgs(Object(PagesController), Array)
#5 /Applications/MAMP/htdocs/test/cakephpmultilingual/lib/Cake/Routing/Dispatcher.php(186): Controller->invokeAction(Object(CakeRequest))
#6 /Applications/MAMP/htdocs/test/cakephpmultilingual/lib/Cake/Routing/Dispatcher.php(161): Dispatcher->_invoke(Object(PagesController), Object(CakeRequest), Object(CakeResponse))
#7 /Applications/MAMP/htdocs/test/cakephpmultilingual/app/webroot/index.php(92): Dispatcher->dispatch(Object(CakeRequest), Object(CakeResponse))
#8 {main}
2012-11-20 10:25:18 Error: [MissingViewException] View file "/Applications/MAMP/htdocs/test/cakephpmultilingual/app/View/Pages/switch_lang/en.ctp" is missing.
#0 /Applications/MAMP/htdocs/test/cakephpmultilingual/lib/Cake/View/View.php(473): View->_getViewFileName('switch_lang/en')
#1 /Applications/MAMP/htdocs/test/cakephpmultilingual/lib/Cake/Controller/Controller.php(956): View->render('switch_lang/en', NULL)
#2 /Applications/MAMP/htdocs/test/cakephpmultilingual/app/Controller/PagesController.php(73): Controller->render('switch_lang/en')
#3 [internal function]: PagesController->display('switch_lang', 'en')
#4 /Applications/MAMP/htdocs/test/cakephpmultilingual/lib/Cake/Controller/Controller.php(485): ReflectionMethod->invokeArgs(Object(PagesController), Array)
#5 /Applications/MAMP/htdocs/test/cakephpmultilingual/lib/Cake/Routing/Dispatcher.php(186): Controller->invokeAction(Object(CakeRequest))
#6 /Applications/MAMP/htdocs/test/cakephpmultilingual/lib/Cake/Routing/Dispatcher.php(161): Dispatcher->_invoke(Object(PagesController), Object(CakeRequest), Object(CakeResponse))
#7 /Applications/MAMP/htdocs/test/cakephpmultilingual/app/webroot/index.php(92): Dispatcher->dispatch(Object(CakeRequest), Object(CakeResponse))
#8 {main}
2012-11-20 10:25:21 Error: [MissingViewException] View file "/Applications/MAMP/htdocs/test/cakephpmultilingual/app/View/Pages/switch_lang/en.ctp" is missing.
#0 /Applications/MAMP/htdocs/test/cakephpmultilingual/lib/Cake/View/View.php(473): View->_getViewFileName('switch_lang/en')
#1 /Applications/MAMP/htdocs/test/cakephpmultilingual/lib/Cake/Controller/Controller.php(956): View->render('switch_lang/en', NULL)
#2 /Applications/MAMP/htdocs/test/cakephpmultilingual/app/Controller/PagesController.php(73): Controller->render('switch_lang/en')
#3 [internal function]: PagesController->display('switch_lang', 'en')
#4 /Applications/MAMP/htdocs/test/cakephpmultilingual/lib/Cake/Controller/Controller.php(485): ReflectionMethod->invokeArgs(Object(PagesController), Array)
#5 /Applications/MAMP/htdocs/test/cakephpmultilingual/lib/Cake/Routing/Dispatcher.php(186): Controller->invokeAction(Object(CakeRequest))
#6 /Applications/MAMP/htdocs/test/cakephpmultilingual/lib/Cake/Routing/Dispatcher.php(161): Dispatcher->_invoke(Object(PagesController), Object(CakeRequest), Object(CakeResponse))
#7 /Applications/MAMP/htdocs/test/cakephpmultilingual/app/webroot/index.php(92): Dispatcher->dispatch(Object(CakeRequest), Object(CakeResponse))
#8 {main}
2012-11-20 10:26:13 Error: [MissingViewException] View file "/Applications/MAMP/htdocs/test/cakephpmultilingual/app/View/Pages/pages/switch_lang/en.ctp" is missing.
#0 /Applications/MAMP/htdocs/test/cakephpmultilingual/lib/Cake/View/View.php(473): View->_getViewFileName('pages/switch_la...')
#1 /Applications/MAMP/htdocs/test/cakephpmultilingual/lib/Cake/Controller/Controller.php(956): View->render('pages/switch_la...', NULL)
#2 /Applications/MAMP/htdocs/test/cakephpmultilingual/app/Controller/PagesController.php(73): Controller->render('pages/switch_la...')
#3 [internal function]: PagesController->display('pages', 'switch_lang', 'en')
#4 /Applications/MAMP/htdocs/test/cakephpmultilingual/lib/Cake/Controller/Controller.php(485): ReflectionMethod->invokeArgs(Object(PagesController), Array)
#5 /Applications/MAMP/htdocs/test/cakephpmultilingual/lib/Cake/Routing/Dispatcher.php(186): Controller->invokeAction(Object(CakeRequest))
#6 /Applications/MAMP/htdocs/test/cakephpmultilingual/lib/Cake/Routing/Dispatcher.php(161): Dispatcher->_invoke(Object(PagesController), Object(CakeRequest), Object(CakeResponse))
#7 /Applications/MAMP/htdocs/test/cakephpmultilingual/app/webroot/index.php(92): Dispatcher->dispatch(Object(CakeRequest), Object(CakeResponse))
#8 {main}
2012-11-20 10:28:07 Error: [MissingViewException] View file "/Applications/MAMP/htdocs/test/cakephpmultilingual/app/View/Pages/switch_lang/en.ctp" is missing.
#0 /Applications/MAMP/htdocs/test/cakephpmultilingual/lib/Cake/View/View.php(473): View->_getViewFileName('switch_lang/en')
#1 /Applications/MAMP/htdocs/test/cakephpmultilingual/lib/Cake/Controller/Controller.php(956): View->render('switch_lang/en', NULL)
#2 /Applications/MAMP/htdocs/test/cakephpmultilingual/app/Controller/PagesController.php(73): Controller->render('switch_lang/en')
#3 [internal function]: PagesController->display('switch_lang', 'en')
#4 /Applications/MAMP/htdocs/test/cakephpmultilingual/lib/Cake/Controller/Controller.php(485): ReflectionMethod->invokeArgs(Object(PagesController), Array)
#5 /Applications/MAMP/htdocs/test/cakephpmultilingual/lib/Cake/Routing/Dispatcher.php(186): Controller->invokeAction(Object(CakeRequest))
#6 /Applications/MAMP/htdocs/test/cakephpmultilingual/lib/Cake/Routing/Dispatcher.php(161): Dispatcher->_invoke(Object(PagesController), Object(CakeRequest), Object(CakeResponse))
#7 /Applications/MAMP/htdocs/test/cakephpmultilingual/app/webroot/index.php(92): Dispatcher->dispatch(Object(CakeRequest), Object(CakeResponse))
#8 {main}
2012-11-20 10:31:25 Error: [MissingViewException] View file "/Applications/MAMP/htdocs/test/cakephpmultilingual/app/View/Pages/switch_lang/en.ctp" is missing.
#0 /Applications/MAMP/htdocs/test/cakephpmultilingual/lib/Cake/View/View.php(473): View->_getViewFileName('switch_lang/en')
#1 /Applications/MAMP/htdocs/test/cakephpmultilingual/lib/Cake/Controller/Controller.php(956): View->render('switch_lang/en', NULL)
#2 /Applications/MAMP/htdocs/test/cakephpmultilingual/app/Controller/PagesController.php(73): Controller->render('switch_lang/en')
#3 [internal function]: PagesController->display('switch_lang', 'en')
#4 /Applications/MAMP/htdocs/test/cakephpmultilingual/lib/Cake/Controller/Controller.php(485): ReflectionMethod->invokeArgs(Object(PagesController), Array)
#5 /Applications/MAMP/htdocs/test/cakephpmultilingual/lib/Cake/Routing/Dispatcher.php(186): Controller->invokeAction(Object(CakeRequest))
#6 /Applications/MAMP/htdocs/test/cakephpmultilingual/lib/Cake/Routing/Dispatcher.php(161): Dispatcher->_invoke(Object(PagesController), Object(CakeRequest), Object(CakeResponse))
#7 /Applications/MAMP/htdocs/test/cakephpmultilingual/app/webroot/index.php(92): Dispatcher->dispatch(Object(CakeRequest), Object(CakeResponse))
#8 {main}
2012-11-20 11:47:58 Error: [MissingViewException] View file "/Applications/MAMP/htdocs/test/cakephpmultilingual/app/View/Pages/lang/en.ctp" is missing.
#0 /Applications/MAMP/htdocs/test/cakephpmultilingual/lib/Cake/View/View.php(473): View->_getViewFileName('lang/en')
#1 /Applications/MAMP/htdocs/test/cakephpmultilingual/lib/Cake/Controller/Controller.php(956): View->render('lang/en', NULL)
#2 /Applications/MAMP/htdocs/test/cakephpmultilingual/app/Controller/PagesController.php(78): Controller->render('lang/en')
#3 [internal function]: PagesController->display('lang', 'en')
#4 /Applications/MAMP/htdocs/test/cakephpmultilingual/lib/Cake/Controller/Controller.php(485): ReflectionMethod->invokeArgs(Object(PagesController), Array)
#5 /Applications/MAMP/htdocs/test/cakephpmultilingual/lib/Cake/Routing/Dispatcher.php(186): Controller->invokeAction(Object(CakeRequest))
#6 /Applications/MAMP/htdocs/test/cakephpmultilingual/lib/Cake/Routing/Dispatcher.php(161): Dispatcher->_invoke(Object(PagesController), Object(CakeRequest), Object(CakeResponse))
#7 /Applications/MAMP/htdocs/test/cakephpmultilingual/app/webroot/index.php(92): Dispatcher->dispatch(Object(CakeRequest), Object(CakeResponse))
#8 {main}
2012-11-20 11:48:42 Error: [MissingViewException] View file "/Applications/MAMP/htdocs/test/cakephpmultilingual/app/View/Pages/index.ctp" is missing.
#0 /Applications/MAMP/htdocs/test/cakephpmultilingual/lib/Cake/View/View.php(473): View->_getViewFileName(NULL)
#1 /Applications/MAMP/htdocs/test/cakephpmultilingual/lib/Cake/Controller/Controller.php(956): View->render(NULL, NULL)
#2 /Applications/MAMP/htdocs/test/cakephpmultilingual/lib/Cake/Routing/Dispatcher.php(193): Controller->render()
#3 /Applications/MAMP/htdocs/test/cakephpmultilingual/lib/Cake/Routing/Dispatcher.php(161): Dispatcher->_invoke(Object(PagesController), Object(CakeRequest), Object(CakeResponse))
#4 /Applications/MAMP/htdocs/test/cakephpmultilingual/app/webroot/index.php(92): Dispatcher->dispatch(Object(CakeRequest), Object(CakeResponse))
#5 {main}
2012-11-21 01:39:21 Error: [MissingLayoutException] Layout file "/Applications/MAMP/htdocs/test/cakephpmultilingual/app/View/Layouts/myTpl.ctp" is missing.
#0 /Applications/MAMP/htdocs/test/cakephpmultilingual/lib/Cake/View/View.php(514): View->_getLayoutFileName('myTpl')
#1 /Applications/MAMP/htdocs/test/cakephpmultilingual/lib/Cake/View/View.php(484): View->renderLayout('', 'myTpl')
#2 /Applications/MAMP/htdocs/test/cakephpmultilingual/lib/Cake/Controller/Controller.php(956): View->render(NULL, NULL)
#3 /Applications/MAMP/htdocs/test/cakephpmultilingual/lib/Cake/Routing/Dispatcher.php(193): Controller->render()
#4 /Applications/MAMP/htdocs/test/cakephpmultilingual/lib/Cake/Routing/Dispatcher.php(161): Dispatcher->_invoke(Object(LangsController), Object(CakeRequest), Object(CakeResponse))
#5 /Applications/MAMP/htdocs/test/cakephpmultilingual/app/webroot/index.php(92): Dispatcher->dispatch(Object(CakeRequest), Object(CakeResponse))
#6 {main}
2012-11-21 02:31:40 Error: [MissingViewException] View file "/Applications/MAMP/htdocs/test/cakephpmultilingual/app/View/Langs/switch_lang.ctp" is missing.
#0 /Applications/MAMP/htdocs/test/cakephpmultilingual/lib/Cake/View/View.php(473): View->_getViewFileName(NULL)
#1 /Applications/MAMP/htdocs/test/cakephpmultilingual/lib/Cake/Controller/Controller.php(956): View->render(NULL, NULL)
#2 /Applications/MAMP/htdocs/test/cakephpmultilingual/lib/Cake/Routing/Dispatcher.php(193): Controller->render()
#3 /Applications/MAMP/htdocs/test/cakephpmultilingual/lib/Cake/Routing/Dispatcher.php(161): Dispatcher->_invoke(Object(LangsController), Object(CakeRequest), Object(CakeResponse))
#4 /Applications/MAMP/htdocs/test/cakephpmultilingual/app/webroot/index.php(92): Dispatcher->dispatch(Object(CakeRequest), Object(CakeResponse))
#5 {main}
2012-11-21 02:31:45 Error: [MissingViewException] View file "/Applications/MAMP/htdocs/test/cakephpmultilingual/app/View/Langs/switch_lang.ctp" is missing.
#0 /Applications/MAMP/htdocs/test/cakephpmultilingual/lib/Cake/View/View.php(473): View->_getViewFileName(NULL)
#1 /Applications/MAMP/htdocs/test/cakephpmultilingual/lib/Cake/Controller/Controller.php(956): View->render(NULL, NULL)
#2 /Applications/MAMP/htdocs/test/cakephpmultilingual/lib/Cake/Routing/Dispatcher.php(193): Controller->render()
#3 /Applications/MAMP/htdocs/test/cakephpmultilingual/lib/Cake/Routing/Dispatcher.php(161): Dispatcher->_invoke(Object(LangsController), Object(CakeRequest), Object(CakeResponse))
#4 /Applications/MAMP/htdocs/test/cakephpmultilingual/app/webroot/index.php(92): Dispatcher->dispatch(Object(CakeRequest), Object(CakeResponse))
#5 {main}
2012-11-21 03:20:28 Error: [MissingActionException] Action PagesController::index() could not be found.
#0 /Applications/MAMP/htdocs/test/cakephpmultilingual/lib/Cake/Routing/Dispatcher.php(186): Controller->invokeAction(Object(CakeRequest))
#1 /Applications/MAMP/htdocs/test/cakephpmultilingual/lib/Cake/Routing/Dispatcher.php(161): Dispatcher->_invoke(Object(PagesController), Object(CakeRequest), Object(CakeResponse))
#2 /Applications/MAMP/htdocs/test/cakephpmultilingual/app/webroot/index.php(92): Dispatcher->dispatch(Object(CakeRequest), Object(CakeResponse))
#3 {main}
2012-11-21 03:20:34 Error: [MissingActionException] Action PagesController::index() could not be found.
#0 /Applications/MAMP/htdocs/test/cakephpmultilingual/lib/Cake/Routing/Dispatcher.php(186): Controller->invokeAction(Object(CakeRequest))
#1 /Applications/MAMP/htdocs/test/cakephpmultilingual/lib/Cake/Routing/Dispatcher.php(161): Dispatcher->_invoke(Object(PagesController), Object(CakeRequest), Object(CakeResponse))
#2 /Applications/MAMP/htdocs/test/cakephpmultilingual/app/webroot/index.php(92): Dispatcher->dispatch(Object(CakeRequest), Object(CakeResponse))
#3 {main}
2012-11-21 03:20:56 Error: [MissingActionException] Action PagesController::index() could not be found.
#0 /Applications/MAMP/htdocs/test/cakephpmultilingual/lib/Cake/Routing/Dispatcher.php(186): Controller->invokeAction(Object(CakeRequest))
#1 /Applications/MAMP/htdocs/test/cakephpmultilingual/lib/Cake/Routing/Dispatcher.php(161): Dispatcher->_invoke(Object(PagesController), Object(CakeRequest), Object(CakeResponse))
#2 /Applications/MAMP/htdocs/test/cakephpmultilingual/app/webroot/index.php(92): Dispatcher->dispatch(Object(CakeRequest), Object(CakeResponse))
#3 {main}
2012-11-21 03:20:59 Error: [MissingActionException] Action PagesController::index() could not be found.
#0 /Applications/MAMP/htdocs/test/cakephpmultilingual/lib/Cake/Routing/Dispatcher.php(186): Controller->invokeAction(Object(CakeRequest))
#1 /Applications/MAMP/htdocs/test/cakephpmultilingual/lib/Cake/Routing/Dispatcher.php(161): Dispatcher->_invoke(Object(PagesController), Object(CakeRequest), Object(CakeResponse))
#2 /Applications/MAMP/htdocs/test/cakephpmultilingual/app/webroot/index.php(92): Dispatcher->dispatch(Object(CakeRequest), Object(CakeResponse))
#3 {main}
2012-11-21 04:34:08 Error: [MissingActionException] Action MenusController::index() could not be found.
#0 /Applications/MAMP/htdocs/test/cakephpmultilingual/lib/Cake/Routing/Dispatcher.php(186): Controller->invokeAction(Object(CakeRequest))
#1 /Applications/MAMP/htdocs/test/cakephpmultilingual/lib/Cake/Routing/Dispatcher.php(161): Dispatcher->_invoke(Object(MenusController), Object(CakeRequest), Object(CakeResponse))
#2 /Applications/MAMP/htdocs/test/cakephpmultilingual/app/webroot/index.php(92): Dispatcher->dispatch(Object(CakeRequest), Object(CakeResponse))
#3 {main}
2012-11-21 04:34:22 Error: [MissingViewException] View file "/Applications/MAMP/htdocs/test/cakephpmultilingual/app/View/Menus/index.ctp" is missing.
#0 /Applications/MAMP/htdocs/test/cakephpmultilingual/lib/Cake/View/View.php(473): View->_getViewFileName(NULL)
#1 /Applications/MAMP/htdocs/test/cakephpmultilingual/lib/Cake/Controller/Controller.php(956): View->render(NULL, NULL)
#2 /Applications/MAMP/htdocs/test/cakephpmultilingual/lib/Cake/Routing/Dispatcher.php(193): Controller->render()
#3 /Applications/MAMP/htdocs/test/cakephpmultilingual/lib/Cake/Routing/Dispatcher.php(161): Dispatcher->_invoke(Object(MenusController), Object(CakeRequest), Object(CakeResponse))
#4 /Applications/MAMP/htdocs/test/cakephpmultilingual/app/webroot/index.php(92): Dispatcher->dispatch(Object(CakeRequest), Object(CakeResponse))
#5 {main}
2012-11-21 04:35:08 Error: [MissingActionException] Action MenusController::jp() could not be found.
#0 /Applications/MAMP/htdocs/test/cakephpmultilingual/lib/Cake/Routing/Dispatcher.php(186): Controller->invokeAction(Object(CakeRequest))
#1 /Applications/MAMP/htdocs/test/cakephpmultilingual/lib/Cake/Routing/Dispatcher.php(161): Dispatcher->_invoke(Object(MenusController), Object(CakeRequest), Object(CakeResponse))
#2 /Applications/MAMP/htdocs/test/cakephpmultilingual/app/webroot/index.php(92): Dispatcher->dispatch(Object(CakeRequest), Object(CakeResponse))
#3 {main}
2012-11-21 08:01:32 Error: [MissingActionException] Action MenusController::menus() could not be found.
#0 /Applications/MAMP/htdocs/test/cakephpmultilingual/lib/Cake/Routing/Dispatcher.php(186): Controller->invokeAction(Object(CakeRequest))
#1 /Applications/MAMP/htdocs/test/cakephpmultilingual/lib/Cake/Routing/Dispatcher.php(161): Dispatcher->_invoke(Object(MenusController), Object(CakeRequest), Object(CakeResponse))
#2 /Applications/MAMP/htdocs/test/cakephpmultilingual/app/webroot/index.php(92): Dispatcher->dispatch(Object(CakeRequest), Object(CakeResponse))
#3 {main}
2012-11-21 08:01:46 Error: [MissingActionException] Action MenusController::menus() could not be found.
#0 /Applications/MAMP/htdocs/test/cakephpmultilingual/lib/Cake/Routing/Dispatcher.php(186): Controller->invokeAction(Object(CakeRequest))
#1 /Applications/MAMP/htdocs/test/cakephpmultilingual/lib/Cake/Routing/Dispatcher.php(161): Dispatcher->_invoke(Object(MenusController), Object(CakeRequest), Object(CakeResponse))
#2 /Applications/MAMP/htdocs/test/cakephpmultilingual/app/webroot/index.php(92): Dispatcher->dispatch(Object(CakeRequest), Object(CakeResponse))
#3 {main}
